<?xml version="1.0" encoding="UTF-8"?>
<!-- Generated by org.testng.reporters.JUnitXMLReporter -->
<testsuite hostname="DESKTOP-BPGMTVT" failures="2" tests="6" name="Test1" time="44.81" errors="0" timestamp="11 Jun 2024 10:22:04 GMT">
  <testcase classname="in.redBus.BusBooking" name="send_Value_In_From_Input_Box" time="0.008">
    <failure type="java.lang.AssertionError" message="expected [1234] but found [10000]">
      <![CDATA[java.lang.AssertionError: expected [1234] but found [10000]
	at in.redBus.BusBooking.send_Value_In_From_Input_Box(BusBooking.java:111)
	at java.base/java.util.concurrent.FutureTask.run(FutureTask.java:264)
	at java.base/java.util.concurrent.ThreadPoolExecutor.runWorker(ThreadPoolExecutor.java:1136)
	at java.base/java.util.concurrent.ThreadPoolExecutor$Worker.run(ThreadPoolExecutor.java:635)
	at java.base/java.lang.Thread.run(Thread.java:833)
... Removed 21 stack frames]]>
    </failure>
  </testcase> <!-- send_Value_In_From_Input_Box -->
  <testcase classname="in.redBus.BusBooking" name="send_Value_In_From_Input_Box" time="0.0">
    <failure type="java.lang.AssertionError" message="expected [1234] but found [10000]">
      <![CDATA[java.lang.AssertionError: expected [1234] but found [10000]
	at in.redBus.BusBooking.send_Value_In_From_Input_Box(BusBooking.java:111)
	at java.base/java.util.concurrent.FutureTask.run(FutureTask.java:264)
	at java.base/java.util.concurrent.ThreadPoolExecutor.runWorker(ThreadPoolExecutor.java:1136)
	at java.base/java.util.concurrent.ThreadPoolExecutor$Worker.run(ThreadPoolExecutor.java:635)
	at java.base/java.lang.Thread.run(Thread.java:833)
... Removed 21 stack frames]]>
    </failure>
  </testcase> <!-- send_Value_In_From_Input_Box -->
  <testcase classname="in.redBus.BusBooking" name="validate_Buses_Displayed" time="40.205"/>
  <testcase classname="in.redBus.BusBooking" name="send_Value_In_To_Input_Box" time="0.0">
    <skipped/>
  </testcase> <!-- send_Value_In_To_Input_Box -->
  <testcase classname="in.redBus.BusBooking" name="select_A_Date_From_DropDown" time="0.0">
    <skipped/>
  </testcase> <!-- select_A_Date_From_DropDown -->
  <testcase classname="in.redBus.BusBooking" name="click_On_Search_Button" time="0.0">
    <skipped/>
  </testcase> <!-- click_On_Search_Button -->
</testsuite> <!-- Test1 -->
