<?xml version="1.0" encoding="UTF-8"?>
<!-- Generated by org.testng.reporters.JUnitXMLReporter -->
<testsuite hostname="DESKTOP-BPGMTVT" failures="2" tests="5" name="Test" time="5.325" errors="0" timestamp="11 Jun 2024 09:51:23 GMT">
  <testcase classname="in.redBus.TrainBooking" name="send_Value_In_From_Input_Box" time="0.505">
    <failure type="org.openqa.selenium.NoSuchElementException" message="Unable to find element with locator By.xpath: //text[text()=&amp;apos;Chennai&amp;apos;]/parent::div[contains(@class,&amp;apos;grvhsy&amp;apos;)]
For documentation on this error, please visit: https://www.selenium.dev/documentation/webdriver/troubleshooting/errors#no-such-element-exception
Build info: version: &amp;apos;4.10.0&amp;apos;, revision: &amp;apos;c14d967899&amp;apos;
System info: os.name: &amp;apos;Windows 11&amp;apos;, os.arch: &amp;apos;amd64&amp;apos;, os.version: &amp;apos;10.0&amp;apos;, java.version: &amp;apos;17.0.2&amp;apos;
Driver info: driver.version: RemoteWebDriver">
      <![CDATA[org.openqa.selenium.NoSuchElementException: Unable to find element with locator By.xpath: //text[text()='Chennai']/parent::div[contains(@class,'grvhsy')]
For documentation on this error, please visit: https://www.selenium.dev/documentation/webdriver/troubleshooting/errors#no-such-element-exception
Build info: version: '4.10.0', revision: 'c14d967899'
System info: os.name: 'Windows 11', os.arch: 'amd64', os.version: '10.0', java.version: '17.0.2'
Driver info: driver.version: RemoteWebDriver
	at org.openqa.selenium.remote.ElementLocation$ElementFinder$2.findElement(ElementLocation.java:168)
	at org.openqa.selenium.remote.ElementLocation.findElement(ElementLocation.java:59)
	at org.openqa.selenium.remote.RemoteWebDriver.findElement(RemoteWebDriver.java:350)
	at org.openqa.selenium.remote.RemoteWebDriver.findElement(RemoteWebDriver.java:344)
	at in.redBus.TrainBooking.send_Value_In_From_Input_Box(TrainBooking.java:73)
... Removed 24 stack frames]]>
    </failure>
  </testcase> <!-- send_Value_In_From_Input_Box -->
  <testcase classname="in.redBus.TrainBooking" name="validate_Buses_Displayed" time="0.025">
    <failure type="org.openqa.selenium.NoSuchWindowException" message="no such window: target window already closed
from unknown error: web view not found
  (Session info: MicrosoftEdge=126.0.2592.49)
Build info: version: &amp;apos;4.10.0&amp;apos;, revision: &amp;apos;c14d967899&amp;apos;
System info: os.name: &amp;apos;Windows 11&amp;apos;, os.arch: &amp;apos;amd64&amp;apos;, os.version: &amp;apos;10.0&amp;apos;, java.version: &amp;apos;17.0.2&amp;apos;
Driver info: org.openqa.selenium.edge.EdgeDriver
Command: [9157ca608c5f163cbf4c4740cb0bd1a6, findElements {using=xpath, value=//div[contains(@class,&amp;apos;travels&amp;apos;)]}]
Capabilities {acceptInsecureCerts: false, browserName: MicrosoftEdge, browserVersion: 126.0.2592.49, fedcm:accounts: true, ms:edgeOptions: {debuggerAddress: localhost:61029}, msedge: {msedgedriverVersion: 126.0.2592.36 (c15665d2b8ec..., userDataDir: C:\Users\ADMIN\AppData\Loca...}, networkConnectionEnabled: false, pageLoadStrategy: normal, platformName: windows, proxy: Proxy(), se:cdp: ws://localhost:61029/devtoo..., se:cdpVersion: 126.0.2592.49, setWindowRect: true, strictFileInteractability: false, timeouts: {implicit: 0, pageLoad: 300000, script: 30000}, unhandledPromptBehavior: dismiss and notify, webauthn:extension:credBlob: true, webauthn:extension:largeBlob: true, webauthn:extension:minPinLength: true, webauthn:extension:prf: true, webauthn:virtualAuthenticators: true}
Session ID: 9157ca608c5f163cbf4c4740cb0bd1a6">
      <![CDATA[org.openqa.selenium.NoSuchWindowException: no such window: target window already closed
from unknown error: web view not found
  (Session info: MicrosoftEdge=126.0.2592.49)
Build info: version: '4.10.0', revision: 'c14d967899'
System info: os.name: 'Windows 11', os.arch: 'amd64', os.version: '10.0', java.version: '17.0.2'
Driver info: org.openqa.selenium.edge.EdgeDriver
Command: [9157ca608c5f163cbf4c4740cb0bd1a6, findElements {using=xpath, value=//div[contains(@class,'travels')]}]
Capabilities {acceptInsecureCerts: false, browserName: MicrosoftEdge, browserVersion: 126.0.2592.49, fedcm:accounts: true, ms:edgeOptions: {debuggerAddress: localhost:61029}, msedge: {msedgedriverVersion: 126.0.2592.36 (c15665d2b8ec..., userDataDir: C:\Users\ADMIN\AppData\Loca...}, networkConnectionEnabled: false, pageLoadStrategy: normal, platformName: windows, proxy: Proxy(), se:cdp: ws://localhost:61029/devtoo..., se:cdpVersion: 126.0.2592.49, setWindowRect: true, strictFileInteractability: false, timeouts: {implicit: 0, pageLoad: 300000, script: 30000}, unhandledPromptBehavior: dismiss and notify, webauthn:extension:credBlob: true, webauthn:extension:largeBlob: true, webauthn:extension:minPinLength: true, webauthn:extension:prf: true, webauthn:virtualAuthenticators: true}
Session ID: 9157ca608c5f163cbf4c4740cb0bd1a6
	at org.openqa.selenium.remote.codec.w3c.W3CHttpResponseCodec.createException(W3CHttpResponseCodec.java:199)
	at org.openqa.selenium.remote.codec.w3c.W3CHttpResponseCodec.decode(W3CHttpResponseCodec.java:132)
	at org.openqa.selenium.remote.codec.w3c.W3CHttpResponseCodec.decode(W3CHttpResponseCodec.java:51)
	at org.openqa.selenium.remote.HttpCommandExecutor.execute(HttpCommandExecutor.java:191)
	at org.openqa.selenium.remote.service.DriverCommandExecutor.invokeExecute(DriverCommandExecutor.java:196)
	at org.openqa.selenium.remote.service.DriverCommandExecutor.execute(DriverCommandExecutor.java:171)
	at org.openqa.selenium.remote.RemoteWebDriver.execute(RemoteWebDriver.java:531)
	at org.openqa.selenium.remote.ElementLocation$ElementFinder$2.findElements(ElementLocation.java:182)
	at org.openqa.selenium.remote.ElementLocation.findElements(ElementLocation.java:103)
	at org.openqa.selenium.remote.RemoteWebDriver.findElements(RemoteWebDriver.java:363)
	at org.openqa.selenium.remote.RemoteWebDriver.findElements(RemoteWebDriver.java:357)
	at in.redBus.TrainBooking.validate_Buses_Displayed(TrainBooking.java:104)
... Removed 29 stack frames]]>
    </failure>
  </testcase> <!-- validate_Buses_Displayed -->
  <testcase classname="in.redBus.TrainBooking" name="send_Value_In_To_Input_Box" time="0.0">
    <skipped/>
  </testcase> <!-- send_Value_In_To_Input_Box -->
  <testcase classname="in.redBus.TrainBooking" name="select_A_Date_From_DropDown" time="0.0">
    <skipped/>
  </testcase> <!-- select_A_Date_From_DropDown -->
  <testcase classname="in.redBus.TrainBooking" name="click_On_Search_Button" time="0.0">
    <skipped/>
  </testcase> <!-- click_On_Search_Button -->
</testsuite> <!-- Test -->
